0 info it worked if it ends with ok
1 verbose cli [ 'C:\\Program Files\\nodejs\\node.exe',
1 verbose cli   'C:\\Users\\Xander\\AppData\\Roaming\\npm\\node_modules\\npm\\bin\\npm-cli.js',
1 verbose cli   'install',
1 verbose cli   'passport',
1 verbose cli   'passport-local',
1 verbose cli   'passport-facebook',
1 verbose cli   'passport-twitter',
1 verbose cli   'passport-google-oauth',
1 verbose cli   'connect-falsh',
1 verbose cli   'bcrypt-nodejs',
1 verbose cli   'cookie-parser',
1 verbose cli   'express-session' ]
2 info using npm@3.10.2
3 info using node@v8.9.3
4 silly loadCurrentTree Starting
5 silly install loadCurrentTree
6 silly install readLocalPackageData
7 silly fetchPackageMetaData passport
8 silly fetchPackageMetaData passport-local
9 silly fetchPackageMetaData passport-facebook
10 silly fetchPackageMetaData passport-twitter
11 silly fetchPackageMetaData passport-google-oauth
12 silly fetchPackageMetaData connect-falsh
13 silly fetchPackageMetaData bcrypt-nodejs
14 silly fetchPackageMetaData cookie-parser
15 silly fetchPackageMetaData express-session
16 silly fetchNamedPackageData passport
17 silly mapToRegistry name passport
18 silly mapToRegistry using default registry
19 silly mapToRegistry registry https://registry.npmjs.org/
20 silly mapToRegistry data Result {
20 silly mapToRegistry   raw: 'passport',
20 silly mapToRegistry   scope: null,
20 silly mapToRegistry   escapedName: 'passport',
20 silly mapToRegistry   name: 'passport',
20 silly mapToRegistry   rawSpec: '',
20 silly mapToRegistry   spec: 'latest',
20 silly mapToRegistry   type: 'tag' }
21 silly mapToRegistry uri https://registry.npmjs.org/passport
22 silly fetchNamedPackageData passport-local
23 silly mapToRegistry name passport-local
24 silly mapToRegistry using default registry
25 silly mapToRegistry registry https://registry.npmjs.org/
26 silly mapToRegistry data Result {
26 silly mapToRegistry   raw: 'passport-local',
26 silly mapToRegistry   scope: null,
26 silly mapToRegistry   escapedName: 'passport-local',
26 silly mapToRegistry   name: 'passport-local',
26 silly mapToRegistry   rawSpec: '',
26 silly mapToRegistry   spec: 'latest',
26 silly mapToRegistry   type: 'tag' }
27 silly mapToRegistry uri https://registry.npmjs.org/passport-local
28 silly fetchNamedPackageData passport-facebook
29 silly mapToRegistry name passport-facebook
30 silly mapToRegistry using default registry
31 silly mapToRegistry registry https://registry.npmjs.org/
32 silly mapToRegistry data Result {
32 silly mapToRegistry   raw: 'passport-facebook',
32 silly mapToRegistry   scope: null,
32 silly mapToRegistry   escapedName: 'passport-facebook',
32 silly mapToRegistry   name: 'passport-facebook',
32 silly mapToRegistry   rawSpec: '',
32 silly mapToRegistry   spec: 'latest',
32 silly mapToRegistry   type: 'tag' }
33 silly mapToRegistry uri https://registry.npmjs.org/passport-facebook
34 silly fetchNamedPackageData passport-twitter
35 silly mapToRegistry name passport-twitter
36 silly mapToRegistry using default registry
37 silly mapToRegistry registry https://registry.npmjs.org/
38 silly mapToRegistry data Result {
38 silly mapToRegistry   raw: 'passport-twitter',
38 silly mapToRegistry   scope: null,
38 silly mapToRegistry   escapedName: 'passport-twitter',
38 silly mapToRegistry   name: 'passport-twitter',
38 silly mapToRegistry   rawSpec: '',
38 silly mapToRegistry   spec: 'latest',
38 silly mapToRegistry   type: 'tag' }
39 silly mapToRegistry uri https://registry.npmjs.org/passport-twitter
40 silly fetchNamedPackageData passport-google-oauth
41 silly mapToRegistry name passport-google-oauth
42 silly mapToRegistry using default registry
43 silly mapToRegistry registry https://registry.npmjs.org/
44 silly mapToRegistry data Result {
44 silly mapToRegistry   raw: 'passport-google-oauth',
44 silly mapToRegistry   scope: null,
44 silly mapToRegistry   escapedName: 'passport-google-oauth',
44 silly mapToRegistry   name: 'passport-google-oauth',
44 silly mapToRegistry   rawSpec: '',
44 silly mapToRegistry   spec: 'latest',
44 silly mapToRegistry   type: 'tag' }
45 silly mapToRegistry uri https://registry.npmjs.org/passport-google-oauth
46 silly fetchNamedPackageData connect-falsh
47 silly mapToRegistry name connect-falsh
48 silly mapToRegistry using default registry
49 silly mapToRegistry registry https://registry.npmjs.org/
50 silly mapToRegistry data Result {
50 silly mapToRegistry   raw: 'connect-falsh',
50 silly mapToRegistry   scope: null,
50 silly mapToRegistry   escapedName: 'connect-falsh',
50 silly mapToRegistry   name: 'connect-falsh',
50 silly mapToRegistry   rawSpec: '',
50 silly mapToRegistry   spec: 'latest',
50 silly mapToRegistry   type: 'tag' }
51 silly mapToRegistry uri https://registry.npmjs.org/connect-falsh
52 silly fetchNamedPackageData bcrypt-nodejs
53 silly mapToRegistry name bcrypt-nodejs
54 silly mapToRegistry using default registry
55 silly mapToRegistry registry https://registry.npmjs.org/
56 silly mapToRegistry data Result {
56 silly mapToRegistry   raw: 'bcrypt-nodejs',
56 silly mapToRegistry   scope: null,
56 silly mapToRegistry   escapedName: 'bcrypt-nodejs',
56 silly mapToRegistry   name: 'bcrypt-nodejs',
56 silly mapToRegistry   rawSpec: '',
56 silly mapToRegistry   spec: 'latest',
56 silly mapToRegistry   type: 'tag' }
57 silly mapToRegistry uri https://registry.npmjs.org/bcrypt-nodejs
58 silly fetchNamedPackageData cookie-parser
59 silly mapToRegistry name cookie-parser
60 silly mapToRegistry using default registry
61 silly mapToRegistry registry https://registry.npmjs.org/
62 silly mapToRegistry data Result {
62 silly mapToRegistry   raw: 'cookie-parser',
62 silly mapToRegistry   scope: null,
62 silly mapToRegistry   escapedName: 'cookie-parser',
62 silly mapToRegistry   name: 'cookie-parser',
62 silly mapToRegistry   rawSpec: '',
62 silly mapToRegistry   spec: 'latest',
62 silly mapToRegistry   type: 'tag' }
63 silly mapToRegistry uri https://registry.npmjs.org/cookie-parser
64 silly fetchNamedPackageData express-session
65 silly mapToRegistry name express-session
66 silly mapToRegistry using default registry
67 silly mapToRegistry registry https://registry.npmjs.org/
68 silly mapToRegistry data Result {
68 silly mapToRegistry   raw: 'express-session',
68 silly mapToRegistry   scope: null,
68 silly mapToRegistry   escapedName: 'express-session',
68 silly mapToRegistry   name: 'express-session',
68 silly mapToRegistry   rawSpec: '',
68 silly mapToRegistry   spec: 'latest',
68 silly mapToRegistry   type: 'tag' }
69 silly mapToRegistry uri https://registry.npmjs.org/express-session
70 verbose request uri https://registry.npmjs.org/passport
71 verbose request no auth needed
72 info attempt registry request try #1 at 15:07:46
73 verbose request id 8687e15ba818f321
74 http request GET https://registry.npmjs.org/passport
75 verbose request uri https://registry.npmjs.org/passport-facebook
76 verbose request no auth needed
77 info attempt registry request try #1 at 15:07:46
78 http request GET https://registry.npmjs.org/passport-facebook
79 verbose request uri https://registry.npmjs.org/passport-twitter
80 verbose request no auth needed
81 info attempt registry request try #1 at 15:07:46
82 http request GET https://registry.npmjs.org/passport-twitter
83 verbose request uri https://registry.npmjs.org/passport-local
84 verbose request no auth needed
85 info attempt registry request try #1 at 15:07:46
86 http request GET https://registry.npmjs.org/passport-local
87 verbose request uri https://registry.npmjs.org/passport-google-oauth
88 verbose request no auth needed
89 info attempt registry request try #1 at 15:07:46
90 http request GET https://registry.npmjs.org/passport-google-oauth
91 verbose request uri https://registry.npmjs.org/connect-falsh
92 verbose request no auth needed
93 info attempt registry request try #1 at 15:07:46
94 http request GET https://registry.npmjs.org/connect-falsh
95 verbose request uri https://registry.npmjs.org/bcrypt-nodejs
96 verbose request no auth needed
97 info attempt registry request try #1 at 15:07:46
98 http request GET https://registry.npmjs.org/bcrypt-nodejs
99 info retry will retry, error on last attempt: Error: getaddrinfo ENOTFOUND registry.npmjs.org registry.npmjs.org:443
100 info retry will retry, error on last attempt: Error: getaddrinfo ENOTFOUND registry.npmjs.org registry.npmjs.org:443
101 info retry will retry, error on last attempt: Error: getaddrinfo ENOTFOUND registry.npmjs.org registry.npmjs.org:443
102 info retry will retry, error on last attempt: Error: getaddrinfo ENOTFOUND registry.npmjs.org registry.npmjs.org:443
103 info retry will retry, error on last attempt: Error: getaddrinfo ENOTFOUND registry.npmjs.org registry.npmjs.org:443
104 info retry will retry, error on last attempt: Error: getaddrinfo ENOTFOUND registry.npmjs.org registry.npmjs.org:443
105 info retry will retry, error on last attempt: Error: getaddrinfo ENOTFOUND registry.npmjs.org registry.npmjs.org:443
106 verbose request uri https://registry.npmjs.org/cookie-parser
107 verbose request no auth needed
108 info attempt registry request try #1 at 15:07:46
109 verbose etag W/"58ecef7b-6980"
110 verbose lastModified Tue, 11 Apr 2017 15:00:11 GMT
111 http request GET https://registry.npmjs.org/cookie-parser
112 info retry will retry, error on last attempt: Error: getaddrinfo ENOTFOUND registry.npmjs.org registry.npmjs.org:443
113 verbose request uri https://registry.npmjs.org/express-session
114 verbose request no auth needed
115 info attempt registry request try #1 at 15:07:47
116 verbose etag W/"58e803e4-1eb0f"
117 verbose lastModified Fri, 07 Apr 2017 21:25:56 GMT
118 http request GET https://registry.npmjs.org/express-session
119 info retry will retry, error on last attempt: Error: getaddrinfo ENOTFOUND registry.npmjs.org registry.npmjs.org:443
120 info attempt registry request try #2 at 15:07:56
121 http request GET https://registry.npmjs.org/passport
122 info attempt registry request try #2 at 15:07:57
123 http request GET https://registry.npmjs.org/passport-facebook
124 info attempt registry request try #2 at 15:07:57
125 http request GET https://registry.npmjs.org/passport-twitter
126 info attempt registry request try #2 at 15:07:57
127 http request GET https://registry.npmjs.org/passport-local
128 info attempt registry request try #2 at 15:07:57
129 http request GET https://registry.npmjs.org/passport-google-oauth
130 info attempt registry request try #2 at 15:07:57
131 http request GET https://registry.npmjs.org/connect-falsh
132 info attempt registry request try #2 at 15:07:57
133 http request GET https://registry.npmjs.org/bcrypt-nodejs
134 info attempt registry request try #2 at 15:07:57
135 verbose etag W/"58ecef7b-6980"
136 verbose lastModified Tue, 11 Apr 2017 15:00:11 GMT
137 http request GET https://registry.npmjs.org/cookie-parser
138 info attempt registry request try #2 at 15:07:57
139 verbose etag W/"58e803e4-1eb0f"
140 verbose lastModified Fri, 07 Apr 2017 21:25:56 GMT
141 http request GET https://registry.npmjs.org/express-session
142 http 200 https://registry.npmjs.org/passport-google-oauth
143 verbose headers { 'content-type': 'application/json; charset=UTF-8',
143 verbose headers   server: 'UploadServer',
143 verbose headers   'cache-control': 'max-age=300',
143 verbose headers   'last-modified': 'Tue, 7 Nov 2017 21:32:43 GMT',
143 verbose headers   etag: '"5a02267b-373f"',
143 verbose headers   'content-encoding': 'gzip',
143 verbose headers   'content-length': '2729',
143 verbose headers   'accept-ranges': 'bytes',
143 verbose headers   date: 'Mon, 01 Jan 2018 13:07:57 GMT',
143 verbose headers   via: '1.1 varnish',
143 verbose headers   age: '6991',
143 verbose headers   connection: 'keep-alive',
143 verbose headers   'x-served-by': 'cache-hhn1529-HHN',
143 verbose headers   'x-cache': 'HIT',
143 verbose headers   'x-cache-hits': '1',
143 verbose headers   'x-timer': 'S1514812078.950905,VS0,VE0',
143 verbose headers   vary: 'Accept-Encoding, Accept' }
144 silly get cb [ 200,
144 silly get   { 'content-type': 'application/json; charset=UTF-8',
144 silly get     server: 'UploadServer',
144 silly get     'cache-control': 'max-age=300',
144 silly get     'last-modified': 'Tue, 7 Nov 2017 21:32:43 GMT',
144 silly get     etag: '"5a02267b-373f"',
144 silly get     'content-encoding': 'gzip',
144 silly get     'content-length': '2729',
144 silly get     'accept-ranges': 'bytes',
144 silly get     date: 'Mon, 01 Jan 2018 13:07:57 GMT',
144 silly get     via: '1.1 varnish',
144 silly get     age: '6991',
144 silly get     connection: 'keep-alive',
144 silly get     'x-served-by': 'cache-hhn1529-HHN',
144 silly get     'x-cache': 'HIT',
144 silly get     'x-cache-hits': '1',
144 silly get     'x-timer': 'S1514812078.950905,VS0,VE0',
144 silly get     vary: 'Accept-Encoding, Accept' } ]
145 verbose get saving passport-google-oauth to C:\Users\Xander\AppData\Roaming\npm-cache\registry.npmjs.org\passport-google-oauth\.cache.json
146 verbose correctMkdir C:\Users\Xander\AppData\Roaming\npm-cache correctMkdir not in flight; initializing
147 http 200 https://registry.npmjs.org/passport-facebook
148 verbose headers { 'content-type': 'application/json; charset=UTF-8',
148 verbose headers   server: 'UploadServer',
148 verbose headers   'cache-control': 'max-age=300',
148 verbose headers   'last-modified': 'Sun, 13 Aug 2017 15:40:35 GMT',
148 verbose headers   etag: '"599072f3-6686"',
148 verbose headers   'content-encoding': 'gzip',
148 verbose headers   'content-length': '5137',
148 verbose headers   'accept-ranges': 'bytes',
148 verbose headers   date: 'Mon, 01 Jan 2018 13:07:57 GMT',
148 verbose headers   via: '1.1 varnish',
148 verbose headers   age: '14257',
148 verbose headers   connection: 'keep-alive',
148 verbose headers   'x-served-by': 'cache-hhn1537-HHN',
148 verbose headers   'x-cache': 'HIT',
148 verbose headers   'x-cache-hits': '1',
148 verbose headers   'x-timer': 'S1514812078.945829,VS0,VE1',
148 verbose headers   vary: 'Accept-Encoding, Accept' }
149 silly get cb [ 200,
149 silly get   { 'content-type': 'application/json; charset=UTF-8',
149 silly get     server: 'UploadServer',
149 silly get     'cache-control': 'max-age=300',
149 silly get     'last-modified': 'Sun, 13 Aug 2017 15:40:35 GMT',
149 silly get     etag: '"599072f3-6686"',
149 silly get     'content-encoding': 'gzip',
149 silly get     'content-length': '5137',
149 silly get     'accept-ranges': 'bytes',
149 silly get     date: 'Mon, 01 Jan 2018 13:07:57 GMT',
149 silly get     via: '1.1 varnish',
149 silly get     age: '14257',
149 silly get     connection: 'keep-alive',
149 silly get     'x-served-by': 'cache-hhn1537-HHN',
149 silly get     'x-cache': 'HIT',
149 silly get     'x-cache-hits': '1',
149 silly get     'x-timer': 'S1514812078.945829,VS0,VE1',
149 silly get     vary: 'Accept-Encoding, Accept' } ]
150 verbose get saving passport-facebook to C:\Users\Xander\AppData\Roaming\npm-cache\registry.npmjs.org\passport-facebook\.cache.json
151 verbose correctMkdir C:\Users\Xander\AppData\Roaming\npm-cache correctMkdir already in flight; waiting
152 http 200 https://registry.npmjs.org/passport
153 verbose headers { 'content-type': 'application/json; charset=UTF-8',
153 verbose headers   server: 'UploadServer',
153 verbose headers   'cache-control': 'max-age=300',
153 verbose headers   'last-modified': 'Fri, 29 Dec 2017 11:16:57 GMT',
153 verbose headers   etag: '"5a462429-baa1"',
153 verbose headers   'content-encoding': 'gzip',
153 verbose headers   'content-length': '9186',
153 verbose headers   'accept-ranges': 'bytes',
153 verbose headers   date: 'Mon, 01 Jan 2018 13:07:57 GMT',
153 verbose headers   via: '1.1 varnish',
153 verbose headers   age: '5278',
153 verbose headers   connection: 'keep-alive',
153 verbose headers   'x-served-by': 'cache-hhn1538-HHN',
153 verbose headers   'x-cache': 'HIT',
153 verbose headers   'x-cache-hits': '4',
153 verbose headers   'x-timer': 'S1514812078.926212,VS0,VE0',
153 verbose headers   vary: 'Accept-Encoding, Accept' }
154 silly get cb [ 200,
154 silly get   { 'content-type': 'application/json; charset=UTF-8',
154 silly get     server: 'UploadServer',
154 silly get     'cache-control': 'max-age=300',
154 silly get     'last-modified': 'Fri, 29 Dec 2017 11:16:57 GMT',
154 silly get     etag: '"5a462429-baa1"',
154 silly get     'content-encoding': 'gzip',
154 silly get     'content-length': '9186',
154 silly get     'accept-ranges': 'bytes',
154 silly get     date: 'Mon, 01 Jan 2018 13:07:57 GMT',
154 silly get     via: '1.1 varnish',
154 silly get     age: '5278',
154 silly get     connection: 'keep-alive',
154 silly get     'x-served-by': 'cache-hhn1538-HHN',
154 silly get     'x-cache': 'HIT',
154 silly get     'x-cache-hits': '4',
154 silly get     'x-timer': 'S1514812078.926212,VS0,VE0',
154 silly get     vary: 'Accept-Encoding, Accept' } ]
155 verbose get saving passport to C:\Users\Xander\AppData\Roaming\npm-cache\registry.npmjs.org\passport\.cache.json
156 verbose correctMkdir C:\Users\Xander\AppData\Roaming\npm-cache correctMkdir not in flight; initializing
157 http 200 https://registry.npmjs.org/express-session
158 verbose headers { 'content-type': 'application/json; charset=UTF-8',
158 verbose headers   server: 'UploadServer',
158 verbose headers   'cache-control': 'max-age=300',
158 verbose headers   'last-modified': 'Fri, 29 Dec 2017 11:22:06 GMT',
158 verbose headers   etag: '"5a46255e-2100a"',
158 verbose headers   'content-encoding': 'gzip',
158 verbose headers   'content-length': '19309',
158 verbose headers   'accept-ranges': 'bytes',
158 verbose headers   date: 'Mon, 01 Jan 2018 13:07:57 GMT',
158 verbose headers   via: '1.1 varnish',
158 verbose headers   age: '5753',
158 verbose headers   connection: 'keep-alive',
158 verbose headers   'x-served-by': 'cache-hhn1535-HHN',
158 verbose headers   'x-cache': 'HIT',
158 verbose headers   'x-cache-hits': '40',
158 verbose headers   'x-timer': 'S1514812078.952107,VS0,VE0',
158 verbose headers   vary: 'Accept-Encoding, Accept' }
159 silly get cb [ 200,
159 silly get   { 'content-type': 'application/json; charset=UTF-8',
159 silly get     server: 'UploadServer',
159 silly get     'cache-control': 'max-age=300',
159 silly get     'last-modified': 'Fri, 29 Dec 2017 11:22:06 GMT',
159 silly get     etag: '"5a46255e-2100a"',
159 silly get     'content-encoding': 'gzip',
159 silly get     'content-length': '19309',
159 silly get     'accept-ranges': 'bytes',
159 silly get     date: 'Mon, 01 Jan 2018 13:07:57 GMT',
159 silly get     via: '1.1 varnish',
159 silly get     age: '5753',
159 silly get     connection: 'keep-alive',
159 silly get     'x-served-by': 'cache-hhn1535-HHN',
159 silly get     'x-cache': 'HIT',
159 silly get     'x-cache-hits': '40',
159 silly get     'x-timer': 'S1514812078.952107,VS0,VE0',
159 silly get     vary: 'Accept-Encoding, Accept' } ]
160 verbose get saving express-session to C:\Users\Xander\AppData\Roaming\npm-cache\registry.npmjs.org\express-session\.cache.json
161 verbose correctMkdir C:\Users\Xander\AppData\Roaming\npm-cache correctMkdir not in flight; initializing
162 http 200 https://registry.npmjs.org/cookie-parser
163 verbose headers { 'content-type': 'application/json; charset=UTF-8',
163 verbose headers   server: 'UploadServer',
163 verbose headers   'cache-control': 'max-age=300',
163 verbose headers   'last-modified': 'Sun, 31 Dec 2017 8:00:11 GMT',
163 verbose headers   etag: '"5a48990b-6cd6"',
163 verbose headers   'content-encoding': 'gzip',
163 verbose headers   'content-length': '5148',
163 verbose headers   'accept-ranges': 'bytes',
163 verbose headers   date: 'Mon, 01 Jan 2018 13:07:58 GMT',
163 verbose headers   via: '1.1 varnish',
163 verbose headers   age: '3735',
163 verbose headers   connection: 'keep-alive',
163 verbose headers   'x-served-by': 'cache-hhn1538-HHN',
163 verbose headers   'x-cache': 'HIT',
163 verbose headers   'x-cache-hits': '9',
163 verbose headers   'x-timer': 'S1514812078.040519,VS0,VE0',
163 verbose headers   vary: 'Accept-Encoding, Accept' }
164 silly get cb [ 200,
164 silly get   { 'content-type': 'application/json; charset=UTF-8',
164 silly get     server: 'UploadServer',
164 silly get     'cache-control': 'max-age=300',
164 silly get     'last-modified': 'Sun, 31 Dec 2017 8:00:11 GMT',
164 silly get     etag: '"5a48990b-6cd6"',
164 silly get     'content-encoding': 'gzip',
164 silly get     'content-length': '5148',
164 silly get     'accept-ranges': 'bytes',
164 silly get     date: 'Mon, 01 Jan 2018 13:07:58 GMT',
164 silly get     via: '1.1 varnish',
164 silly get     age: '3735',
164 silly get     connection: 'keep-alive',
164 silly get     'x-served-by': 'cache-hhn1538-HHN',
164 silly get     'x-cache': 'HIT',
164 silly get     'x-cache-hits': '9',
164 silly get     'x-timer': 'S1514812078.040519,VS0,VE0',
164 silly get     vary: 'Accept-Encoding, Accept' } ]
165 verbose get saving cookie-parser to C:\Users\Xander\AppData\Roaming\npm-cache\registry.npmjs.org\cookie-parser\.cache.json
166 verbose correctMkdir C:\Users\Xander\AppData\Roaming\npm-cache correctMkdir not in flight; initializing
167 http 200 https://registry.npmjs.org/passport-local
168 verbose headers { 'content-type': 'application/json; charset=UTF-8',
168 verbose headers   server: 'UploadServer',
168 verbose headers   'cache-control': 'max-age=300',
168 verbose headers   'last-modified': 'Fri, 29 Dec 2017 11:17:32 GMT',
168 verbose headers   etag: '"5a46244c-391a"',
168 verbose headers   'content-encoding': 'gzip',
168 verbose headers   'content-length': '3079',
168 verbose headers   'accept-ranges': 'bytes',
168 verbose headers   date: 'Mon, 01 Jan 2018 13:07:58 GMT',
168 verbose headers   via: '1.1 varnish',
168 verbose headers   age: '4927',
168 verbose headers   connection: 'keep-alive',
168 verbose headers   'x-served-by': 'cache-hhn1525-HHN',
168 verbose headers   'x-cache': 'HIT',
168 verbose headers   'x-cache-hits': '1',
168 verbose headers   'x-timer': 'S1514812078.049327,VS0,VE0',
168 verbose headers   vary: 'Accept-Encoding, Accept' }
169 silly get cb [ 200,
169 silly get   { 'content-type': 'application/json; charset=UTF-8',
169 silly get     server: 'UploadServer',
169 silly get     'cache-control': 'max-age=300',
169 silly get     'last-modified': 'Fri, 29 Dec 2017 11:17:32 GMT',
169 silly get     etag: '"5a46244c-391a"',
169 silly get     'content-encoding': 'gzip',
169 silly get     'content-length': '3079',
169 silly get     'accept-ranges': 'bytes',
169 silly get     date: 'Mon, 01 Jan 2018 13:07:58 GMT',
169 silly get     via: '1.1 varnish',
169 silly get     age: '4927',
169 silly get     connection: 'keep-alive',
169 silly get     'x-served-by': 'cache-hhn1525-HHN',
169 silly get     'x-cache': 'HIT',
169 silly get     'x-cache-hits': '1',
169 silly get     'x-timer': 'S1514812078.049327,VS0,VE0',
169 silly get     vary: 'Accept-Encoding, Accept' } ]
170 verbose get saving passport-local to C:\Users\Xander\AppData\Roaming\npm-cache\registry.npmjs.org\passport-local\.cache.json
171 verbose correctMkdir C:\Users\Xander\AppData\Roaming\npm-cache correctMkdir not in flight; initializing
172 http 200 https://registry.npmjs.org/bcrypt-nodejs
173 verbose headers { 'content-type': 'application/json; charset=UTF-8',
173 verbose headers   server: 'UploadServer',
173 verbose headers   'cache-control': 'max-age=300',
173 verbose headers   'last-modified': 'Sun, 17 Dec 2017 14:29:17 GMT',
173 verbose headers   etag: '"5a367f3d-2613"',
173 verbose headers   'content-encoding': 'gzip',
173 verbose headers   'content-length': '2988',
173 verbose headers   'accept-ranges': 'bytes',
173 verbose headers   date: 'Mon, 01 Jan 2018 13:07:58 GMT',
173 verbose headers   via: '1.1 varnish',
173 verbose headers   age: '9808',
173 verbose headers   connection: 'keep-alive',
173 verbose headers   'x-served-by': 'cache-hhn1525-HHN',
173 verbose headers   'x-cache': 'HIT',
173 verbose headers   'x-cache-hits': '1',
173 verbose headers   'x-timer': 'S1514812078.320194,VS0,VE1',
173 verbose headers   vary: 'Accept-Encoding, Accept' }
174 silly get cb [ 200,
174 silly get   { 'content-type': 'application/json; charset=UTF-8',
174 silly get     server: 'UploadServer',
174 silly get     'cache-control': 'max-age=300',
174 silly get     'last-modified': 'Sun, 17 Dec 2017 14:29:17 GMT',
174 silly get     etag: '"5a367f3d-2613"',
174 silly get     'content-encoding': 'gzip',
174 silly get     'content-length': '2988',
174 silly get     'accept-ranges': 'bytes',
174 silly get     date: 'Mon, 01 Jan 2018 13:07:58 GMT',
174 silly get     via: '1.1 varnish',
174 silly get     age: '9808',
174 silly get     connection: 'keep-alive',
174 silly get     'x-served-by': 'cache-hhn1525-HHN',
174 silly get     'x-cache': 'HIT',
174 silly get     'x-cache-hits': '1',
174 silly get     'x-timer': 'S1514812078.320194,VS0,VE1',
174 silly get     vary: 'Accept-Encoding, Accept' } ]
175 verbose get saving bcrypt-nodejs to C:\Users\Xander\AppData\Roaming\npm-cache\registry.npmjs.org\bcrypt-nodejs\.cache.json
176 verbose correctMkdir C:\Users\Xander\AppData\Roaming\npm-cache correctMkdir not in flight; initializing
177 http 404 https://registry.npmjs.org/connect-falsh
178 verbose headers { 'content-type': 'application/json',
178 verbose headers   'cache-control': 'max-age=0',
178 verbose headers   'content-length': '2',
178 verbose headers   'accept-ranges': 'bytes',
178 verbose headers   date: 'Mon, 01 Jan 2018 13:07:58 GMT',
178 verbose headers   via: '1.1 varnish',
178 verbose headers   connection: 'keep-alive',
178 verbose headers   'x-served-by': 'cache-hhn1551-HHN',
178 verbose headers   'x-cache': 'MISS',
178 verbose headers   'x-cache-hits': '0',
178 verbose headers   'x-timer': 'S1514812078.055274,VS0,VE776',
178 verbose headers   vary: 'Accept-Encoding' }
179 silly get cb [ 404,
179 silly get   { 'content-type': 'application/json',
179 silly get     'cache-control': 'max-age=0',
179 silly get     'content-length': '2',
179 silly get     'accept-ranges': 'bytes',
179 silly get     date: 'Mon, 01 Jan 2018 13:07:58 GMT',
179 silly get     via: '1.1 varnish',
179 silly get     connection: 'keep-alive',
179 silly get     'x-served-by': 'cache-hhn1551-HHN',
179 silly get     'x-cache': 'MISS',
179 silly get     'x-cache-hits': '0',
179 silly get     'x-timer': 'S1514812078.055274,VS0,VE776',
179 silly get     vary: 'Accept-Encoding' } ]
180 silly fetchPackageMetaData Error: Registry returned 404 for GET on https://registry.npmjs.org/connect-falsh
180 silly fetchPackageMetaData     at makeError (C:\Users\Xander\AppData\Roaming\npm\node_modules\npm\node_modules\npm-registry-client\lib\request.js:264:12)
180 silly fetchPackageMetaData     at CachingRegistryClient.<anonymous> (C:\Users\Xander\AppData\Roaming\npm\node_modules\npm\node_modules\npm-registry-client\lib\request.js:242:14)
180 silly fetchPackageMetaData     at Request._callback (C:\Users\Xander\AppData\Roaming\npm\node_modules\npm\node_modules\npm-registry-client\lib\request.js:172:14)
180 silly fetchPackageMetaData     at Request.self.callback (C:\Users\Xander\AppData\Roaming\npm\node_modules\npm\node_modules\request\request.js:200:22)
180 silly fetchPackageMetaData     at emitTwo (events.js:126:13)
180 silly fetchPackageMetaData     at Request.emit (events.js:214:7)
180 silly fetchPackageMetaData     at Request.<anonymous> (C:\Users\Xander\AppData\Roaming\npm\node_modules\npm\node_modules\request\request.js:1067:10)
180 silly fetchPackageMetaData     at emitOne (events.js:121:20)
180 silly fetchPackageMetaData     at Request.emit (events.js:211:7)
180 silly fetchPackageMetaData     at IncomingMessage.<anonymous> (C:\Users\Xander\AppData\Roaming\npm\node_modules\npm\node_modules\request\request.js:988:12)
180 silly fetchPackageMetaData  error for connect-falsh { Error: Registry returned 404 for GET on https://registry.npmjs.org/connect-falsh
180 silly fetchPackageMetaData     at makeError (C:\Users\Xander\AppData\Roaming\npm\node_modules\npm\node_modules\npm-registry-client\lib\request.js:264:12)
180 silly fetchPackageMetaData     at CachingRegistryClient.<anonymous> (C:\Users\Xander\AppData\Roaming\npm\node_modules\npm\node_modules\npm-registry-client\lib\request.js:242:14)
180 silly fetchPackageMetaData     at Request._callback (C:\Users\Xander\AppData\Roaming\npm\node_modules\npm\node_modules\npm-registry-client\lib\request.js:172:14)
180 silly fetchPackageMetaData     at Request.self.callback (C:\Users\Xander\AppData\Roaming\npm\node_modules\npm\node_modules\request\request.js:200:22)
180 silly fetchPackageMetaData     at emitTwo (events.js:126:13)
180 silly fetchPackageMetaData     at Request.emit (events.js:214:7)
180 silly fetchPackageMetaData     at Request.<anonymous> (C:\Users\Xander\AppData\Roaming\npm\node_modules\npm\node_modules\request\request.js:1067:10)
180 silly fetchPackageMetaData     at emitOne (events.js:121:20)
180 silly fetchPackageMetaData     at Request.emit (events.js:211:7)
180 silly fetchPackageMetaData     at IncomingMessage.<anonymous> (C:\Users\Xander\AppData\Roaming\npm\node_modules\npm\node_modules\request\request.js:988:12) pkgid: 'connect-falsh', statusCode: 404, code: 'E404' }
181 http 200 https://registry.npmjs.org/passport-twitter
182 verbose headers { 'content-type': 'application/json; charset=UTF-8',
182 verbose headers   server: 'UploadServer',
182 verbose headers   'cache-control': 'max-age=300',
182 verbose headers   'last-modified': 'Sat, 22 Apr 2017 1:46:57 GMT',
182 verbose headers   etag: '"58fab611-4c2e"',
182 verbose headers   'content-encoding': 'gzip',
182 verbose headers   'content-length': '3811',
182 verbose headers   'accept-ranges': 'bytes',
182 verbose headers   date: 'Mon, 01 Jan 2018 13:07:58 GMT',
182 verbose headers   via: '1.1 varnish',
182 verbose headers   age: '9590',
182 verbose headers   connection: 'keep-alive',
182 verbose headers   'x-served-by': 'cache-hhn1548-HHN',
182 verbose headers   'x-cache': 'HIT',
182 verbose headers   'x-cache-hits': '1',
182 verbose headers   'x-timer': 'S1514812079.811201,VS0,VE1',
182 verbose headers   vary: 'Accept-Encoding, Accept' }
183 silly get cb [ 200,
183 silly get   { 'content-type': 'application/json; charset=UTF-8',
183 silly get     server: 'UploadServer',
183 silly get     'cache-control': 'max-age=300',
183 silly get     'last-modified': 'Sat, 22 Apr 2017 1:46:57 GMT',
183 silly get     etag: '"58fab611-4c2e"',
183 silly get     'content-encoding': 'gzip',
183 silly get     'content-length': '3811',
183 silly get     'accept-ranges': 'bytes',
183 silly get     date: 'Mon, 01 Jan 2018 13:07:58 GMT',
183 silly get     via: '1.1 varnish',
183 silly get     age: '9590',
183 silly get     connection: 'keep-alive',
183 silly get     'x-served-by': 'cache-hhn1548-HHN',
183 silly get     'x-cache': 'HIT',
183 silly get     'x-cache-hits': '1',
183 silly get     'x-timer': 'S1514812079.811201,VS0,VE1',
183 silly get     vary: 'Accept-Encoding, Accept' } ]
184 verbose get saving passport-twitter to C:\Users\Xander\AppData\Roaming\npm-cache\registry.npmjs.org\passport-twitter\.cache.json
185 verbose correctMkdir C:\Users\Xander\AppData\Roaming\npm-cache correctMkdir not in flight; initializing
186 silly rollbackFailedOptional Starting
187 silly rollbackFailedOptional Finishing
188 silly runTopLevelLifecycles Starting
189 silly runTopLevelLifecycles Finishing
190 silly install printInstalled
191 verbose stack Error: Registry returned 404 for GET on https://registry.npmjs.org/connect-falsh
191 verbose stack     at makeError (C:\Users\Xander\AppData\Roaming\npm\node_modules\npm\node_modules\npm-registry-client\lib\request.js:264:12)
191 verbose stack     at CachingRegistryClient.<anonymous> (C:\Users\Xander\AppData\Roaming\npm\node_modules\npm\node_modules\npm-registry-client\lib\request.js:242:14)
191 verbose stack     at Request._callback (C:\Users\Xander\AppData\Roaming\npm\node_modules\npm\node_modules\npm-registry-client\lib\request.js:172:14)
191 verbose stack     at Request.self.callback (C:\Users\Xander\AppData\Roaming\npm\node_modules\npm\node_modules\request\request.js:200:22)
191 verbose stack     at emitTwo (events.js:126:13)
191 verbose stack     at Request.emit (events.js:214:7)
191 verbose stack     at Request.<anonymous> (C:\Users\Xander\AppData\Roaming\npm\node_modules\npm\node_modules\request\request.js:1067:10)
191 verbose stack     at emitOne (events.js:121:20)
191 verbose stack     at Request.emit (events.js:211:7)
191 verbose stack     at IncomingMessage.<anonymous> (C:\Users\Xander\AppData\Roaming\npm\node_modules\npm\node_modules\request\request.js:988:12)
192 verbose statusCode 404
193 verbose pkgid connect-falsh
194 verbose cwd E:\Manga\ExpressApi
195 error Windows_NT 10.0.15063
196 error argv "C:\\Program Files\\nodejs\\node.exe" "C:\\Users\\Xander\\AppData\\Roaming\\npm\\node_modules\\npm\\bin\\npm-cli.js" "install" "passport" "passport-local" "passport-facebook" "passport-twitter" "passport-google-oauth" "connect-falsh" "bcrypt-nodejs" "cookie-parser" "express-session"
197 error node v8.9.3
198 error npm  v3.10.2
199 error code E404
200 error 404 Registry returned 404 for GET on https://registry.npmjs.org/connect-falsh
201 error 404
202 error 404 'connect-falsh' is not in the npm registry.
203 error 404 You should bug the author to publish it (or use the name yourself!)
204 error 404 Note that you can also install from a
205 error 404 tarball, folder, http url, or git url.
206 verbose exit [ 1, true ]
